
--------------------------------------
Model Parser
--------------------------------------

List of variables defined outside the model equation(s):
    name & position: G5 0
    name & position: G4 1
    name & position: G6 2
    name & position: G1 3
    name & position: G2 4
    name & position: R 5
    name & position: A1 6

Model variables: 
    name & position: 1 0
    name & position: herd 1
    name & position: herd*pen 2
    name & position: pen 3
    name & position: f|id_c 4
    name & position: pen|dam_d 5
    name & position: 1 6
    name & position: 1|weight*herd_a 7
    name & position: weight|dam2_b 8
    name & position: 1 9
    name & position: 1|weight*herd_a 10
    name & position: f|dam2_e 11
    name & position: weight|id_k 12
    name & position: f|id_l 13

Observations:
    name, position, records: weight 0 10
    name, position, records: f 1 10
    name, position, records: f2 2 10

Effects:
    name, position, levels: 1 0 1
    name, position, levels: herd 1 3
    name, position, levels: herd*pen 2 6
    name, position, levels: pen 3 2
    name, position, levels: f|id_c 4 10
    name, position, levels: pen|dam_d 5 20
    name, position, levels: 1 6 1
    name, position, levels: 1|weight*herd_a 7 3
    name, position, levels: weight|dam2_b 8 10
    name, position, levels: 1 9 1
    name, position, levels: 1|weight*herd_a 10 3
    name, position, levels: f|dam2_e 11 10
    name, position, levels: weight|id_k 12 10
    name, position, levels: f|id_l 13 10

Model variance
correlation 1:
    variable & position: f|id_c 4
    matrix & position (in extra): A1 6
    variance & position in extra.: G2 4
correlation 2:
    variable & position: 1|weight*herd_a 7
    matrix & position (in extra): I -1
    variance & position in extra.: G1 3
correlation 3:
    variable & position: weight|dam2_b 8
    variable & position: f|dam2_e 11
    matrix & position (in extra): A1 6
    variance & position in extra.: G1 3
correlation 4:
    variable & position: weight|id_k 12
    variable & position: f|id_l 13
    matrix & position (in extra): A1 6
    variance & position in extra.: G1 3

residual:
    name & position in extra: G6 2

Model equation(s), as defined:
    weight ~ 1 + herd + herd*pen + pen + f|id_c + pen|dam_d
    f ~ 1 + 1|weight*herd_a + weight|dam2_b
    f2 ~ 1 + 1|weight*herd_a + f|dam2_e + weight|id_k + f|id_l

Model equation(s), as submitted:
    weight ~ 1 + herd + herd*pen + pen + f|id_c + pen|dam_d
    f ~ 1 + 1|weight*herd_a + weight|dam2_b
    f2 ~ 1 + 1|weight*herd_a + f|dam2_e + weight|id_k + f|id_l

Model equation(s), as variables indeces:
    0 ~ 0 + 1 + 2 + 3 + 4 + 5
    1 ~ 6 + 7 + 8
    2 ~ 9 + 10 + 11 + 12 + 13

Correlations, in variables indeces as submitted:
    correlation: (4)
    correlation: (7 ,10)
    correlation: (8 ,11)
    correlation: (12 ,13)

--------------------------------------
PCG Solver
--------------------------------------

Loading data ... completed in 31 milliseconds.
Constructing RHS vector ... completed in 0 seconds.
Constructing model matrix ... completed in 0 seconds.
Loading model matrix into memory ... completed in 0 milliseconds.
Starting PCG iterations (stops when rate values lower or equal to 0.0) ... 

Iteration & Convergence Rate:

2  113.3
4  18.4102
6  3.33974
8  3.72851
10  1.2963
12  0.241253
14  0.235701
16  0.390271
18  0.656804
20  0.545957
22  0.140643
24  0.00395115
26  0.0234649
28  0.410343
30  0.00546464
32  0.00306761
34  0.0058739
36  0.0449253
38  0.00111109
40  0.000517837
42  0.00857478
44  0.00426831
46  7.08202e-05
48  0.00209427
50  0.00739107
52  5.81712e-05
54  6.71804e-05
56  0.000232784
58  0.00052792
60  0.000131394
62  0.000206283
64  2.9783e-05
66  1.16382e-05
68  2.88976e-05
70  0.000337019
72  0.00228569
74  0.000201095
76  6.17196e-05
78  1.59615e-06
80  5.24066e-05
82  0.000390419
84  2.64374e-07
86  7.19577e-06
88  0.000205656
90  1.78618e-07

PCG completed in 0 seconds.
